<?xml version="1.0" encoding="UTF-8"?>
<!-- Generated by org.testng.reporters.JUnitReportReporter -->
<testsuite hostname="Yafengs-MacBook-Pro.local" name="testNg.TestNg" tests="2" failures="0" timestamp="29 Apr 2015 18:46:14 GMT" time="0.011" errors="0">
  <testcase name="stopMe" time="0.001" classname="testNg.TestNg"/>
  <testcase name="runMe" time="0.010" classname="testNg.TestNg"/>
</testsuite> <!-- testNg.TestNg -->
